#
# A fatal error has been detected by the Java Runtime Environment:
#
#  EXCEPTION_ACCESS_VIOLATION (0xc0000005) at pc=0x00007ffe8423470c, pid=29852, tid=9208
#
# JRE version: Java(TM) SE Runtime Environment (8.0_51-b16) (build 1.8.0_51-b16)
# Java VM: Java HotSpot(TM) 64-Bit Server VM (25.51-b03 mixed mode windows-amd64 compressed oops)
# Problematic frame:
# C  [ntdll.dll+0x4470c]
#
# Failed to write core dump. Minidumps are not enabled by default on client versions of Windows
#
# If you would like to submit a bug report, please visit:
#   http://bugreport.java.com/bugreport/crash.jsp
#

---------------  T H R E A D  ---------------

Current thread (0x00000000273b5000):  JavaThread "C2 CompilerThread1" daemon [_thread_in_native, id=9208, stack(0x0000000028a00000,0x0000000028b00000)]

siginfo: ExceptionCode=0xc0000005, reading address 0x00000002fffffff8

Registers:
RAX=0x0000000000000403, RBX=0x0000000000000000, RCX=0x0000000000001147, RDX=0x0000000000000007
RSP=0x0000000028afb8d0, RBP=0x000000000000154a, RSI=0x0000000002a90150, RDI=0x0000000300000000
R8 =0x00000002fffffff0, R9 =0x00000000000003ff, R10=0x0000000000041750, R11=0x0000000028afb9e0
R12=0x0000000002a9007c, R13=0x0000000000001501, R14=0x0000000002a90000, R15=0x000000000000037f
RIP=0x00007ffe8423470c, EFLAGS=0x0000000000010202

Top of Stack: (sp=0x0000000028afb8d0)
0x0000000028afb8d0:   0000000000000000 0000000000000000
0x0000000028afb8e0:   0000000000000640 00007ffe8423422a
0x0000000028afb8f0:   0000000002a944d0 0000000028afbc29
0x0000000028afb900:   0000000002a90000 000000004000b1f1
0x0000000028afb910:   000000004528f820 0000000002000002
0x0000000028afb920:   0000000000000400 00007ffe07000403
0x0000000028afb930:   000000000000154a 0000000002a90150
0x0000000028afb940:   000000000000154a 000000000000154a
0x0000000028afb950:   000000000000154a 00007ffe8423422a
0x0000000028afb960:   0000000002a944d0 00000000472f0000
0x0000000028afb970:   0000000002a90000 00000000000003ff
0x0000000028afb980:   000000000000154a 00000000000003ff
0x0000000028afb990:   0000000000000077 00007ffe84234360
0x0000000028afb9a0:   0000000047a5c000 0000000002a90000
0x0000000028afb9b0:   0000000000029fb0 00007ffe8423422a
0x0000000028afb9c0:   0000000045265860 0000000028afbcf9 

Instructions: (pc=0x00007ffe8423470c)
0x00007ffe842346ec:   09 0f 44 c1 8b c8 48 8b 47 30 48 8b 1c c8 e9 6b
0x00007ffe842346fc:   ff ff ff 45 84 ed 0f 84 dc 00 00 00 4c 8d 47 f0
0x00007ffe8423470c:   41 8b 50 08 89 54 24 58 41 39 1c 24 74 24 41 33
0x00007ffe8423471c:   96 88 00 00 00 8b ca 89 54 24 58 c1 e9 10 8b c2 


Register to memory mapping:

RAX=0x0000000000000403 is an unknown value
RBX=0x0000000000000000 is an unknown value
RCX=0x0000000000001147 is an unknown value
RDX=0x0000000000000007 is an unknown value
RSP=0x0000000028afb8d0 is pointing into the stack for thread: 0x00000000273b5000
RBP=0x000000000000154a is an unknown value
RSI=0x0000000002a90150 is an unknown value
RDI=0x0000000300000000 is an unknown value
R8 =0x00000002fffffff0 is an unknown value
R9 =0x00000000000003ff is an unknown value
R10=0x0000000000041750 is an unknown value
R11=0x0000000028afb9e0 is pointing into the stack for thread: 0x00000000273b5000
R12=0x0000000002a9007c is an unknown value
R13=0x0000000000001501 is an unknown value
R14=0x0000000002a90000 is an unknown value
R15=0x000000000000037f is an unknown value


Stack: [0x0000000028a00000,0x0000000028b00000],  sp=0x0000000028afb8d0,  free space=1006k
Native frames: (J=compiled Java code, j=interpreted, Vv=VM code, C=native code)
C  [ntdll.dll+0x4470c]
C  [ntdll.dll+0x4422a]
C  [ntdll.dll+0x44360]
C  [ntdll.dll+0x44aa9]
C  [ntdll.dll+0x39718]
C  [ntdll.dll+0x3be34]
C  [ntdll.dll+0x3ab01]
C  [msvcr100.dll+0x68d94]
V  [jvm.dll+0xcbab4]
V  [jvm.dll+0xcbb61]
V  [jvm.dll+0x4775e1]
V  [jvm.dll+0x4b95ff]
V  [jvm.dll+0x46c011]
V  [jvm.dll+0x46cd4e]
V  [jvm.dll+0x4501a2]
V  [jvm.dll+0xa43a2]
V  [jvm.dll+0xa4cdf]
V  [jvm.dll+0x2418a4]
V  [jvm.dll+0x29846a]
C  [msvcr100.dll+0x21d9f]
C  [msvcr100.dll+0x21e3b]
C  [KERNEL32.DLL+0x126bd]
C  [ntdll.dll+0x5a9f8]


Current CompileTask:
C2:  24800 14397       4       com.google.gson.internal.bind.TypeAdapters$29::read (209 bytes)


---------------  P R O C E S S  ---------------

Java Threads: ( => current thread )
  0x00000000350d0000 JavaThread "Worker-Main-8" daemon [_thread_blocked, id=17364, stack(0x0000000042010000,0x0000000042110000)]
  0x00000000350cc800 JavaThread "Thread-9" daemon [_thread_blocked, id=16948, stack(0x0000000042410000,0x0000000042510000)]
  0x00000000350ca000 JavaThread "modloading-worker-12" daemon [_thread_blocked, id=20296, stack(0x0000000041f10000,0x0000000042010000)]
  0x00000000350c8800 JavaThread "modloading-worker-3" daemon [_thread_blocked, id=7072, stack(0x0000000041e10000,0x0000000041f10000)]
  0x00000000350cb800 JavaThread "modloading-worker-10" daemon [_thread_blocked, id=26556, stack(0x0000000041d10000,0x0000000041e10000)]
  0x00000000350c7000 JavaThread "modloading-worker-1" daemon [_thread_blocked, id=29440, stack(0x0000000041c10000,0x0000000041d10000)]
  0x00000000350c6800 JavaThread "modloading-worker-8" daemon [_thread_blocked, id=5352, stack(0x0000000041b10000,0x0000000041c10000)]
  0x00000000350cb000 JavaThread "modloading-worker-15" daemon [_thread_blocked, id=2228, stack(0x0000000041a10000,0x0000000041b10000)]
  0x00000000273bc000 JavaThread "modloading-worker-6" daemon [_thread_blocked, id=15096, stack(0x0000000041910000,0x0000000041a10000)]
  0x00000000273bb000 JavaThread "modloading-worker-13" daemon [_thread_blocked, id=12396, stack(0x0000000041810000,0x0000000041910000)]
  0x00000000273b9800 JavaThread "modloading-worker-4" daemon [_thread_blocked, id=31728, stack(0x0000000041710000,0x0000000041810000)]
  0x0000000034eab800 JavaThread "modloading-worker-11" daemon [_thread_blocked, id=4916, stack(0x0000000041610000,0x0000000041710000)]
  0x0000000034ead800 JavaThread "modloading-worker-2" daemon [_thread_blocked, id=2396, stack(0x0000000041510000,0x0000000041610000)]
  0x0000000034eac000 JavaThread "modloading-worker-9" daemon [_thread_blocked, id=12424, stack(0x0000000041410000,0x0000000041510000)]
  0x0000000034ea2800 JavaThread "Snooper Timer" daemon [_thread_blocked, id=21612, stack(0x000000003f960000,0x000000003fa60000)]
  0x0000000034ea9000 JavaThread "Timer hack thread" daemon [_thread_blocked, id=8960, stack(0x0000000033b30000,0x0000000033c30000)]
  0x0000000034ea7800 JavaThread "Thread-6" daemon [_thread_in_native, id=15384, stack(0x000000003e440000,0x000000003e540000)]
  0x0000000034ea7000 JavaThread "Thread-5" [_thread_blocked, id=14768, stack(0x000000003d2c0000,0x000000003d3c0000)]
  0x0000000034ea1800 JavaThread "Worker-Bootstrap-7" daemon [_thread_in_Java, id=10172, stack(0x000000003d8a0000,0x000000003d9a0000)]
  0x0000000034ea4000 JavaThread "Worker-Bootstrap-5" daemon [_thread_in_Java, id=18956, stack(0x000000003d7a0000,0x000000003d8a0000)]
  0x0000000034ea1000 JavaThread "Worker-Bootstrap-6" daemon [_thread_in_Java, id=18712, stack(0x000000003d6a0000,0x000000003d7a0000)]
  0x000000003685e000 JavaThread "Worker-Bootstrap-4" daemon [_thread_in_Java, id=11336, stack(0x000000003d5a0000,0x000000003d6a0000)]
  0x000000003a0d3800 JavaThread "Worker-Bootstrap-3" daemon [_thread_in_Java, id=29024, stack(0x000000003d4a0000,0x000000003d5a0000)]
  0x0000000038d18000 JavaThread "Worker-Bootstrap-2" daemon [_thread_in_Java, id=1296, stack(0x000000003cbf0000,0x000000003ccf0000)]
  0x0000000039a84800 JavaThread "Worker-Bootstrap-1" daemon [_thread_in_Java, id=16776, stack(0x000000003c9a0000,0x000000003caa0000)]
  0x00000000399b7800 JavaThread "Thread-4" [_thread_in_native, id=25368, stack(0x000000003ccf0000,0x000000003cdf0000)]
  0x0000000029a0d800 JavaThread "Thread-2" daemon [_thread_in_native, id=24720, stack(0x000000002b410000,0x000000002b510000)]
  0x0000000029a36000 JavaThread "Thread-1" daemon [_thread_blocked, id=21324, stack(0x000000002b310000,0x000000002b410000)]
  0x000000002744a000 JavaThread "Service Thread" daemon [_thread_blocked, id=4708, stack(0x0000000028d00000,0x0000000028e00000)]
  0x00000000273be000 JavaThread "C1 CompilerThread3" daemon [_thread_blocked, id=23388, stack(0x0000000028c00000,0x0000000028d00000)]
  0x00000000273bc800 JavaThread "C2 CompilerThread2" daemon [_thread_in_native, id=26924, stack(0x0000000028b00000,0x0000000028c00000)]
=>0x00000000273b5000 JavaThread "C2 CompilerThread1" daemon [_thread_in_native, id=9208, stack(0x0000000028a00000,0x0000000028b00000)]
  0x00000000273a2800 JavaThread "C2 CompilerThread0" daemon [_thread_in_vm, id=24572, stack(0x0000000028900000,0x0000000028a00000)]
  0x00000000273a1000 JavaThread "Attach Listener" daemon [_thread_blocked, id=4416, stack(0x0000000028800000,0x0000000028900000)]
  0x00000000273a0000 JavaThread "Signal Dispatcher" daemon [_thread_blocked, id=7260, stack(0x0000000028700000,0x0000000028800000)]
  0x0000000025cc0000 JavaThread "Finalizer" daemon [_thread_blocked, id=28792, stack(0x0000000028600000,0x0000000028700000)]
  0x0000000025cb9000 JavaThread "Reference Handler" daemon [_thread_blocked, id=16292, stack(0x0000000028500000,0x0000000028600000)]
  0x0000000002ba4000 JavaThread "Render thread" [_thread_in_native, id=13364, stack(0x0000000002aa0000,0x0000000002ba0000)]

Other Threads:
  0x0000000002c9c800 VMThread [stack: 0x0000000028400000,0x0000000028500000] [id=32716]
  0x0000000027453800 WatcherThread [stack: 0x0000000028e00000,0x0000000028f00000] [id=32016]

VM state:not at safepoint (normal execution)

VM Mutex/Monitor currently owned by a thread: None

Heap:
 PSYoungGen      total 2647552K, used 1237520K [0x0000000716b00000, 0x00000007bfc80000, 0x00000007c0000000)
  eden space 2525184K, 48% used [0x0000000716b00000,0x0000000761434020,0x00000007b0d00000)
  from space 122368K, 12% used [0x00000007b0d00000,0x00000007b1c50050,0x00000007b8480000)
  to   space 119296K, 0% used [0x00000007b8800000,0x00000007b8800000,0x00000007bfc80000)
 ParOldGen       total 763904K, used 457241K [0x00000005c4000000, 0x00000005f2a00000, 0x0000000716b00000)
  object space 763904K, 59% used [0x00000005c4000000,0x00000005dfe866c0,0x00000005f2a00000)
 Metaspace       used 156032K, capacity 172864K, committed 173096K, reserved 1185792K
  class space    used 30621K, capacity 36353K, committed 36392K, reserved 1048576K

Card table byte_map: [0x0000000012060000,0x0000000013050000] byte_map_base: 0x000000000f240000

Marking Bits: (ParMarkBitMap*) 0x0000000077cb4040
 Begin Bits: [0x00000000144f0000, 0x000000001c3f0000)
 End Bits:   [0x000000001c3f0000, 0x00000000242f0000)

Polling page: 0x0000000000f40000

CodeCache: size=245760Kb used=33458Kb max_used=33661Kb free=212301Kb
 bounds [0x0000000002ca0000, 0x0000000004db0000, 0x0000000011ca0000]
 total_blobs=12336 nmethods=10706 adapters=1541
 compilation: enabled

Compilation events (10 events):
Event: 24.734 Thread 0x00000000273be000 14462       3       java.io.BufferedReader::read1 (171 bytes)
Event: 24.735 Thread 0x00000000273be000 nmethod 14462 0x00000000036a1b50 code [0x00000000036a1d20, 0x00000000036a2418]
Event: 24.771 Thread 0x00000000273be000 14463       3       java.util.LinkedList::addLast (6 bytes)
Event: 24.771 Thread 0x00000000273be000 nmethod 14463 0x00000000036a1750 code [0x00000000036a18c0, 0x00000000036a1ac8]
Event: 24.773 Thread 0x00000000273a2800 nmethod 14355 0x00000000047f9890 code [0x00000000047f9f60, 0x00000000047fe610]
Event: 24.773 Thread 0x00000000273a2800 14393       4       com.google.gson.stream.JsonReader::hasNext (30 bytes)
Event: 24.774 Thread 0x00000000273a2800 nmethod 14393 0x0000000002e0ad50 code [0x0000000002e0aea0, 0x0000000002e0af48]
Event: 24.774 Thread 0x00000000273a2800 14394       4       com.google.gson.internal.LinkedTreeMap::put (35 bytes)
Event: 24.779 Thread 0x00000000273a2800 nmethod 14394 0x00000000036a0a90 code [0x00000000036a0c20, 0x00000000036a1228]
Event: 24.780 Thread 0x00000000273a2800 14386       4       com.sun.nio.zipfs.ZipPath::compareTo (95 bytes)

GC Heap History (10 events):
Event: 22.815 GC heap before
{Heap before GC invocations=52 (full 4):
 PSYoungGen      total 2680320K, used 1266158K [0x0000000716b00000, 0x00000007c0000000, 0x00000007c0000000)
  eden space 2586624K, 45% used [0x0000000716b00000,0x000000075e400a10,0x00000007b4900000)
  from space 93696K, 99% used [0x00000007b4900000,0x00000007ba47af78,0x00000007ba480000)
  to   space 93696K, 0% used [0x00000007ba480000,0x00000007ba480000,0x00000007c0000000)
 ParOldGen       total 559616K, used 360034K [0x00000005c4000000, 0x00000005e6280000, 0x0000000716b00000)
  object space 559616K, 64% used [0x00000005c4000000,0x00000005d9f98be8,0x00000005e6280000)
 Metaspace       used 148497K, capacity 164276K, committed 164336K, reserved 1179648K
  class space    used 28878K, capacity 34216K, committed 34216K, reserved 1048576K
Event: 22.867 GC heap after
Heap after GC invocations=52 (full 4):
 PSYoungGen      total 2617856K, used 93685K [0x0000000716b00000, 0x00000007c0000000, 0x00000007c0000000)
  eden space 2524160K, 0% used [0x0000000716b00000,0x0000000716b00000,0x00000007b0c00000)
  from space 93696K, 99% used [0x00000007ba480000,0x00000007bfffd518,0x00000007c0000000)
  to   space 124928K, 0% used [0x00000007b0c00000,0x00000007b0c00000,0x00000007b8600000)
 ParOldGen       total 559616K, used 364643K [0x00000005c4000000, 0x00000005e6280000, 0x0000000716b00000)
  object space 559616K, 65% used [0x00000005c4000000,0x00000005da418d08,0x00000005e6280000)
 Metaspace       used 148497K, capacity 164276K, committed 164336K, reserved 1179648K
  class space    used 28878K, capacity 34216K, committed 34216K, reserved 1048576K
}
Event: 22.867 GC heap before
{Heap before GC invocations=53 (full 5):
 PSYoungGen      total 2617856K, used 93685K [0x0000000716b00000, 0x00000007c0000000, 0x00000007c0000000)
  eden space 2524160K, 0% used [0x0000000716b00000,0x0000000716b00000,0x00000007b0c00000)
  from space 93696K, 99% used [0x00000007ba480000,0x00000007bfffd518,0x00000007c0000000)
  to   space 124928K, 0% used [0x00000007b0c00000,0x00000007b0c00000,0x00000007b8600000)
 ParOldGen       total 559616K, used 364643K [0x00000005c4000000, 0x00000005e6280000, 0x0000000716b00000)
  object space 559616K, 65% used [0x00000005c4000000,0x00000005da418d08,0x00000005e6280000)
 Metaspace       used 148497K, capacity 164276K, committed 164336K, reserved 1179648K
  class space    used 28878K, capacity 34216K, committed 34216K, reserved 1048576K
Event: 23.439 GC heap after
Heap after GC invocations=53 (full 5):
 PSYoungGen      total 2617856K, used 0K [0x0000000716b00000, 0x00000007c0000000, 0x00000007c0000000)
  eden space 2524160K, 0% used [0x0000000716b00000,0x0000000716b00000,0x00000007b0c00000)
  from space 93696K, 0% used [0x00000007ba480000,0x00000007ba480000,0x00000007c0000000)
  to   space 124928K, 0% used [0x00000007b0c00000,0x00000007b0c00000,0x00000007b8600000)
 ParOldGen       total 763904K, used 450611K [0x00000005c4000000, 0x00000005f2a00000, 0x0000000716b00000)
  object space 763904K, 58% used [0x00000005c4000000,0x00000005df80cdb8,0x00000005f2a00000)
 Metaspace       used 148494K, capacity 164268K, committed 164336K, reserved 1179648K
  class space    used 28877K, capacity 34214K, committed 34216K, reserved 1048576K
}
Event: 24.020 GC heap before
{Heap before GC invocations=54 (full 5):
 PSYoungGen      total 2617856K, used 2524160K [0x0000000716b00000, 0x00000007c0000000, 0x00000007c0000000)
  eden space 2524160K, 100% used [0x0000000716b00000,0x00000007b0c00000,0x00000007b0c00000)
  from space 93696K, 0% used [0x00000007ba480000,0x00000007ba480000,0x00000007c0000000)
  to   space 124928K, 0% used [0x00000007b0c00000,0x00000007b0c00000,0x00000007b8600000)
 ParOldGen       total 763904K, used 457233K [0x00000005c4000000, 0x00000005f2a00000, 0x0000000716b00000)
  object space 763904K, 59% used [0x00000005c4000000,0x00000005dfe846c0,0x00000005f2a00000)
 Metaspace       used 153782K, capacity 169874K, committed 170024K, reserved 1183744K
  class space    used 30096K, capacity 35598K, committed 35624K, reserved 1048576K
Event: 24.032 GC heap after
Heap after GC invocations=54 (full 5):
 PSYoungGen      total 2649088K, used 12160K [0x0000000716b00000, 0x00000007c0000000, 0x00000007c0000000)
  eden space 2524160K, 0% used [0x0000000716b00000,0x0000000716b00000,0x00000007b0c00000)
  from space 124928K, 9% used [0x00000007b0c00000,0x00000007b17e0020,0x00000007b8600000)
  to   space 123904K, 0% used [0x00000007b8700000,0x00000007b8700000,0x00000007c0000000)
 ParOldGen       total 763904K, used 457233K [0x00000005c4000000, 0x00000005f2a00000, 0x0000000716b00000)
  object space 763904K, 59% used [0x00000005c4000000,0x00000005dfe846c0,0x00000005f2a00000)
 Metaspace       used 153782K, capacity 169874K, committed 170024K, reserved 1183744K
  class space    used 30096K, capacity 35598K, committed 35624K, reserved 1048576K
}
Event: 24.033 GC heap before
{Heap before GC invocations=55 (full 5):
 PSYoungGen      total 2649088K, used 31327K [0x0000000716b00000, 0x00000007c0000000, 0x00000007c0000000)
  eden space 2524160K, 0% used [0x0000000716b00000,0x0000000717db7fd8,0x00000007b0c00000)
  from space 124928K, 9% used [0x00000007b0c00000,0x00000007b17e0020,0x00000007b8600000)
  to   space 123904K, 0% used [0x00000007b8700000,0x00000007b8700000,0x00000007c0000000)
 ParOldGen       total 763904K, used 457233K [0x00000005c4000000, 0x00000005f2a00000, 0x0000000716b00000)
  object space 763904K, 59% used [0x00000005c4000000,0x00000005dfe846c0,0x00000005f2a00000)
 Metaspace       used 153782K, capacity 169874K, committed 170024K, reserved 1183744K
  class space    used 30096K, capacity 35598K, committed 35624K, reserved 1048576K
Event: 24.044 GC heap after
Heap after GC invocations=55 (full 5):
 PSYoungGen      total 2644992K, used 12160K [0x0000000716b00000, 0x00000007bfc00000, 0x00000007c0000000)
  eden space 2525184K, 0% used [0x0000000716b00000,0x0000000716b00000,0x00000007b0d00000)
  from space 119808K, 10% used [0x00000007b8700000,0x00000007b92e0020,0x00000007bfc00000)
  to   space 122368K, 0% used [0x00000007b0d00000,0x00000007b0d00000,0x00000007b8480000)
 ParOldGen       total 763904K, used 457233K [0x00000005c4000000, 0x00000005f2a00000, 0x0000000716b00000)
  object space 763904K, 59% used [0x00000005c4000000,0x00000005dfe846c0,0x00000005f2a00000)
 Metaspace       used 153782K, capacity 169874K, committed 170024K, reserved 1183744K
  class space    used 30096K, capacity 35598K, committed 35624K, reserved 1048576K
}
Event: 24.544 GC heap before
{Heap before GC invocations=56 (full 5):
 PSYoungGen      total 2644992K, used 2537344K [0x0000000716b00000, 0x00000007bfc00000, 0x00000007c0000000)
  eden space 2525184K, 100% used [0x0000000716b00000,0x00000007b0d00000,0x00000007b0d00000)
  from space 119808K, 10% used [0x00000007b8700000,0x00000007b92e0020,0x00000007bfc00000)
  to   space 122368K, 0% used [0x00000007b0d00000,0x00000007b0d00000,0x00000007b8480000)
 ParOldGen       total 763904K, used 457233K [0x00000005c4000000, 0x00000005f2a00000, 0x0000000716b00000)
  object space 763904K, 59% used [0x00000005c4000000,0x00000005dfe846c0,0x00000005f2a00000)
 Metaspace       used 155724K, capacity 172358K, committed 172456K, reserved 1185792K
  class space    used 30554K, capacity 36234K, committed 36264K, reserved 1048576K
Event: 24.556 GC heap after
Heap after GC invocations=56 (full 5):
 PSYoungGen      total 2647552K, used 15680K [0x0000000716b00000, 0x00000007bfc80000, 0x00000007c0000000)
  eden space 2525184K, 0% used [0x0000000716b00000,0x0000000716b00000,0x00000007b0d00000)
  from space 122368K, 12% used [0x00000007b0d00000,0x00000007b1c50050,0x00000007b8480000)
  to   space 119296K, 0% used [0x00000007b8800000,0x00000007b8800000,0x00000007bfc80000)
 ParOldGen       total 763904K, used 457241K [0x00000005c4000000, 0x00000005f2a00000, 0x0000000716b00000)
  object space 763904K, 59% used [0x00000005c4000000,0x00000005dfe866c0,0x00000005f2a00000)
 Metaspace       used 155724K, capacity 172358K, committed 172456K, reserved 1185792K
  class space    used 30554K, capacity 36234K, committed 36264K, reserved 1048576K
}

Deoptimization events (10 events):
Event: 24.615 Thread 0x00000000350d0000 Uncommon trap: reason=null_check action=make_not_entrant pc=0x0000000002e7f14c method=java.lang.Class$EnclosingMethodInfo.<init>([Ljava/lang/Object;)V @ 55
Event: 24.615 Thread 0x00000000350d0000 Uncommon trap: reason=unstable_if action=reinterpret pc=0x0000000003353754 method=java.lang.Class.getSimpleName()Ljava/lang/String; @ 94
Event: 24.674 Thread 0x00000000350d0000 Uncommon trap: reason=bimorphic action=maybe_recompile pc=0x0000000004da02cc method=java.util.HashMap.removeNode(ILjava/lang/Object;Ljava/lang/Object;ZZ)Ljava/util/HashMap$Node; @ 143
Event: 24.733 Thread 0x00000000350d0000 Uncommon trap: reason=unstable_if action=reinterpret pc=0x00000000032af734 method=com.google.gson.stream.JsonReader.nextNonWhitespace(Z)I @ 100
Event: 24.739 Thread 0x0000000002ba4000 Uncommon trap: reason=unstable_if action=reinterpret pc=0x000000000479108c method=java.util.TimSort.countRunAndMakeAscending([Ljava/lang/Object;IILjava/util/Comparator;)I @ 27
Event: 24.739 Thread 0x0000000002ba4000 Uncommon trap: reason=class_check action=maybe_recompile pc=0x0000000004bfaa60 method=java.util.TimSort.gallopRight(Ljava/lang/Object;[Ljava/lang/Object;IIILjava/util/Comparator;)I @ 44
Event: 24.739 Thread 0x0000000002ba4000 Uncommon trap: reason=unstable_if action=reinterpret pc=0x0000000002eb4648 method=java.lang.Long.compare(JJ)I @ 3
Event: 24.739 Thread 0x0000000002ba4000 Uncommon trap: reason=class_check action=maybe_recompile pc=0x0000000004a23638 method=java.util.TimSort.gallopLeft(Ljava/lang/Object;[Ljava/lang/Object;IIILjava/util/Comparator;)I @ 44
Event: 24.739 Thread 0x0000000002ba4000 Uncommon trap: reason=unstable_if action=reinterpret pc=0x0000000004bae264 method=java.util.TimSort.mergeHi(IIII)V @ 131
Event: 24.771 Thread 0x0000000002ba4000 Uncommon trap: reason=bimorphic action=maybe_recompile pc=0x00000000047a9604 method=java.util.concurrent.ConcurrentHashMap.replaceNode(Ljava/lang/Object;Ljava/lang/Object;Ljava/lang/Object;)Ljava/lang/Object; @ 147

Internal exceptions (10 events):
Event: 24.729 Thread 0x00000000350d0000 Exception <a 'sun/nio/fs/WindowsException'> (0x000000074aee38f8) thrown at [C:\re\workspace\8-2-build-windows-amd64-cygwin\jdk8u51\3951\hotspot\src\share\vm\prims\jni.cpp, line 709]
Event: 24.729 Thread 0x00000000350d0000 Exception <a 'sun/nio/fs/WindowsException'> (0x000000074aee4150) thrown at [C:\re\workspace\8-2-build-windows-amd64-cygwin\jdk8u51\3951\hotspot\src\share\vm\prims\jni.cpp, line 709]
Event: 24.730 Thread 0x00000000350d0000 Exception <a 'sun/nio/fs/WindowsException'> (0x000000074aef04f0) thrown at [C:\re\workspace\8-2-build-windows-amd64-cygwin\jdk8u51\3951\hotspot\src\share\vm\prims\jni.cpp, line 709]
Event: 24.730 Thread 0x00000000350d0000 Exception <a 'sun/nio/fs/WindowsException'> (0x000000074aef0cf8) thrown at [C:\re\workspace\8-2-build-windows-amd64-cygwin\jdk8u51\3951\hotspot\src\share\vm\prims\jni.cpp, line 709]
Event: 24.732 Thread 0x00000000350d0000 Exception <a 'sun/nio/fs/WindowsException'> (0x000000074cfb8968) thrown at [C:\re\workspace\8-2-build-windows-amd64-cygwin\jdk8u51\3951\hotspot\src\share\vm\prims\jni.cpp, line 709]
Event: 24.732 Thread 0x00000000350d0000 Exception <a 'sun/nio/fs/WindowsException'> (0x000000074cfb91e0) thrown at [C:\re\workspace\8-2-build-windows-amd64-cygwin\jdk8u51\3951\hotspot\src\share\vm\prims\jni.cpp, line 709]
Event: 24.733 Thread 0x00000000350d0000 Exception <a 'sun/nio/fs/WindowsException'> (0x000000074cfd5518) thrown at [C:\re\workspace\8-2-build-windows-amd64-cygwin\jdk8u51\3951\hotspot\src\share\vm\prims\jni.cpp, line 709]
Event: 24.733 Thread 0x00000000350d0000 Exception <a 'sun/nio/fs/WindowsException'> (0x000000074cfd5db8) thrown at [C:\re\workspace\8-2-build-windows-amd64-cygwin\jdk8u51\3951\hotspot\src\share\vm\prims\jni.cpp, line 709]
Event: 24.733 Thread 0x00000000350d0000 Exception <a 'sun/nio/fs/WindowsException'> (0x000000074cfe6ed8) thrown at [C:\re\workspace\8-2-build-windows-amd64-cygwin\jdk8u51\3951\hotspot\src\share\vm\prims\jni.cpp, line 709]
Event: 24.733 Thread 0x00000000350d0000 Exception <a 'sun/nio/fs/WindowsException'> (0x000000074cfe7708) thrown at [C:\re\workspace\8-2-build-windows-amd64-cygwin\jdk8u51\3951\hotspot\src\share\vm\prims\jni.cpp, line 709]

Events (10 events):
Event: 24.755 loading class net/minecraftforge/fml/config/ModConfig done
Event: 24.755 loading class net/minecraftforge/fml/config/ConfigFileTypeHandler
Event: 24.755 loading class net/minecraftforge/fml/config/ConfigFileTypeHandler done
Event: 24.771 Executing VM operation: RevokeBias
Event: 24.771 Executing VM operation: RevokeBias done
Event: 24.771 Thread 0x0000000002ba4000 Uncommon trap: trap_request=0xffffffc6 fr.pc=0x00000000047a9604
Event: 24.771 Thread 0x0000000002ba4000 DEOPT PACKING pc=0x00000000047a9604 sp=0x0000000002b9d400
Event: 24.771 Thread 0x0000000002ba4000 DEOPT UNPACKING pc=0x0000000002ce582a sp=0x0000000002b9d390 mode 2
Event: 24.781 loading class net/minecraftforge/forgespi/language/ModFileScanData$AnnotationData
Event: 24.781 loading class net/minecraftforge/forgespi/language/ModFileScanData$AnnotationData done


Dynamic libraries:
0x00007ff62f130000 - 0x00007ff62f167000 	C:\Users\MaraKa\curseforge\minecraft\Install\runtime\jre-legacy\windows-x64\jre-legacy\bin\javaw.exe
0x00007ffe841f0000 - 0x00007ffe84404000 	C:\Windows\SYSTEM32\ntdll.dll
0x00007ffe820b0000 - 0x00007ffe82173000 	C:\Windows\System32\KERNEL32.DLL
0x00007ffe81b10000 - 0x00007ffe81eac000 	C:\Windows\System32\KERNELBASE.dll
0x00007ffe82600000 - 0x00007ffe826ae000 	C:\Windows\System32\ADVAPI32.dll
0x00007ffe82aa0000 - 0x00007ffe82b47000 	C:\Windows\System32\msvcrt.dll
0x00007ffe82000000 - 0x00007ffe820a4000 	C:\Windows\System32\sechost.dll
0x00007ffe82440000 - 0x00007ffe82555000 	C:\Windows\System32\RPCRT4.dll
0x00007ffe83380000 - 0x00007ffe8352d000 	C:\Windows\System32\USER32.dll
0x00007ffe81fd0000 - 0x00007ffe81ff6000 	C:\Windows\System32\win32u.dll
0x00007ffe82fe0000 - 0x00007ffe83009000 	C:\Windows\System32\GDI32.dll
0x00007ffe819f0000 - 0x00007ffe81b03000 	C:\Windows\System32\gdi32full.dll
0x00007ffe81f30000 - 0x00007ffe81fca000 	C:\Windows\System32\msvcp_win.dll
0x00007ffe81860000 - 0x00007ffe81971000 	C:\Windows\System32\ucrtbase.dll
0x00007ffe70810000 - 0x00007ffe70a9e000 	C:\Windows\WinSxS\amd64_microsoft.windows.common-controls_6595b64144ccf1df_6.0.22621.608_none_a9444ca7c10bb01d\COMCTL32.dll
0x00007ffe82560000 - 0x00007ffe82591000 	C:\Windows\System32\IMM32.DLL
0x0000000077d40000 - 0x0000000077e12000 	C:\Users\MaraKa\curseforge\minecraft\Install\runtime\jre-legacy\windows-x64\jre-legacy\bin\msvcr100.dll
0x00000000774b0000 - 0x0000000077d33000 	C:\Users\MaraKa\curseforge\minecraft\Install\runtime\jre-legacy\windows-x64\jre-legacy\bin\server\jvm.dll
0x00007ffe825a0000 - 0x00007ffe825a8000 	C:\Windows\System32\PSAPI.DLL
0x00007ffe7ce50000 - 0x00007ffe7ce59000 	C:\Windows\SYSTEM32\WSOCK32.dll
0x00007ffe7a120000 - 0x00007ffe7a154000 	C:\Windows\SYSTEM32\WINMM.dll
0x00007ffe78550000 - 0x00007ffe7855a000 	C:\Windows\SYSTEM32\VERSION.dll
0x00007ffe83200000 - 0x00007ffe83271000 	C:\Windows\System32\WS2_32.dll
0x0000000050050000 - 0x000000005005f000 	C:\Users\MaraKa\curseforge\minecraft\Install\runtime\jre-legacy\windows-x64\jre-legacy\bin\verify.dll
0x0000000050020000 - 0x0000000050049000 	C:\Users\MaraKa\curseforge\minecraft\Install\runtime\jre-legacy\windows-x64\jre-legacy\bin\java.dll
0x0000000050000000 - 0x0000000050016000 	C:\Users\MaraKa\curseforge\minecraft\Install\runtime\jre-legacy\windows-x64\jre-legacy\bin\zip.dll
0x00007ffe83540000 - 0x00007ffe83d30000 	C:\Windows\System32\SHELL32.dll
0x00007ffe7f5f0000 - 0x00007ffe7febe000 	C:\Windows\SYSTEM32\windows.storage.dll
0x00007ffe82b50000 - 0x00007ffe82ed9000 	C:\Windows\System32\combase.dll
0x00007ffe7f4b0000 - 0x00007ffe7f5ee000 	C:\Windows\SYSTEM32\wintypes.dll
0x00007ffe82180000 - 0x00007ffe82271000 	C:\Windows\System32\SHCORE.dll
0x00007ffe82f80000 - 0x00007ffe82fde000 	C:\Windows\System32\shlwapi.dll
0x00007ffe81560000 - 0x00007ffe81581000 	C:\Windows\SYSTEM32\profapi.dll
0x00000000774a0000 - 0x00000000774ad000 	C:\Users\MaraKa\curseforge\minecraft\Install\runtime\jre-legacy\windows-x64\jre-legacy\bin\management.dll
0x0000000077480000 - 0x000000007749a000 	C:\Users\MaraKa\curseforge\minecraft\Install\runtime\jre-legacy\windows-x64\jre-legacy\bin\net.dll
0x00007ffe80b90000 - 0x00007ffe80bf9000 	C:\Windows\system32\mswsock.dll
0x00007ffe50910000 - 0x00007ffe50927000 	C:\Windows\system32\napinsp.dll
0x00007ffe38200000 - 0x00007ffe3821b000 	C:\Windows\system32\pnrpnsp.dll
0x00007ffe80180000 - 0x00007ffe80273000 	C:\Windows\SYSTEM32\DNSAPI.dll
0x00007ffe80150000 - 0x00007ffe8017d000 	C:\Windows\SYSTEM32\IPHLPAPI.DLL
0x00007ffe82ee0000 - 0x00007ffe82ee9000 	C:\Windows\System32\NSI.dll
0x00007ffe381e0000 - 0x00007ffe381f1000 	C:\Windows\System32\winrnr.dll
0x00007ffe7a820000 - 0x00007ffe7a835000 	C:\Windows\system32\wshbth.dll
0x00007ffe3d830000 - 0x00007ffe3d851000 	C:\Windows\system32\nlansp_c.dll
0x00007ffe710e0000 - 0x00007ffe710ea000 	C:\Windows\System32\rasadhlp.dll
0x00007ffe78790000 - 0x00007ffe78813000 	C:\Windows\System32\fwpuclnt.dll
0x0000000077460000 - 0x0000000077471000 	C:\Users\MaraKa\curseforge\minecraft\Install\runtime\jre-legacy\windows-x64\jre-legacy\bin\nio.dll
0x0000000077430000 - 0x0000000077454000 	C:\Users\MaraKa\curseforge\minecraft\Install\runtime\jre-legacy\windows-x64\jre-legacy\bin\sunec.dll
0x00007ffe80eb0000 - 0x00007ffe80ecb000 	C:\Windows\SYSTEM32\CRYPTSP.dll
0x00007ffe80620000 - 0x00007ffe80655000 	C:\Windows\system32\rsaenh.dll
0x00007ffe80c30000 - 0x00007ffe80c58000 	C:\Windows\SYSTEM32\USERENV.dll
0x00007ffe81000000 - 0x00007ffe81028000 	C:\Windows\SYSTEM32\bcrypt.dll
0x00007ffe81eb0000 - 0x00007ffe81f2b000 	C:\Windows\System32\bcryptprimitives.dll
0x00007ffe80e90000 - 0x00007ffe80e9c000 	C:\Windows\SYSTEM32\CRYPTBASE.dll
0x00007ffe52110000 - 0x00007ffe52182000 	C:\Users\MaraKa\curseforge\minecraft\Install\bin\e506-565b-c34d-d612\lwjgl.dll
0x00007ffdc99c0000 - 0x00007ffdc9c11000 	C:\Users\MaraKa\curseforge\minecraft\Install\bin\e506-565b-c34d-d612\jemalloc.dll
0x00007ffe520b0000 - 0x00007ffe5210e000 	C:\Users\MaraKa\curseforge\minecraft\Install\bin\e506-565b-c34d-d612\glfw.dll
0x00007ffe7e710000 - 0x00007ffe7e7bb000 	C:\Windows\system32\uxtheme.dll
0x00007ffe15000000 - 0x00007ffe15046000 	C:\Windows\SYSTEM32\dinput8.dll
0x00007ffe66a80000 - 0x00007ffe66a91000 	C:\Windows\SYSTEM32\xinput1_4.dll
0x00007ffe81320000 - 0x00007ffe8136e000 	C:\Windows\SYSTEM32\cfgmgr32.dll
0x00007ffe812f0000 - 0x00007ffe8131c000 	C:\Windows\SYSTEM32\DEVOBJ.dll
0x00007ffe7e9a0000 - 0x00007ffe7e9cb000 	C:\Windows\SYSTEM32\dwmapi.dll
0x00007ffe71c90000 - 0x00007ffe71e91000 	C:\Windows\SYSTEM32\inputhost.dll
0x00007ffe7e280000 - 0x00007ffe7e3b3000 	C:\Windows\SYSTEM32\CoreMessaging.dll
0x00007ffe83020000 - 0x00007ffe8313e000 	C:\Windows\System32\MSCTF.dll
0x00007ffe7fec0000 - 0x00007ffe7fece000 	C:\Windows\SYSTEM32\HID.DLL
0x00007ffe83d30000 - 0x00007ffe841a4000 	C:\Windows\System32\SETUPAPI.DLL
0x00007ffe81980000 - 0x00007ffe819eb000 	C:\Windows\System32\WINTRUST.dll
0x00007ffe81630000 - 0x00007ffe81796000 	C:\Windows\System32\CRYPT32.dll
0x00007ffe80f00000 - 0x00007ffe80f12000 	C:\Windows\SYSTEM32\MSASN1.dll
0x00007ffe46ea0000 - 0x00007ffe46fa0000 	C:\Windows\SYSTEM32\opengl32.dll
0x00007ffe6e9d0000 - 0x00007ffe6e9fd000 	C:\Windows\SYSTEM32\GLU32.dll
0x00007ffe7e850000 - 0x00007ffe7e886000 	C:\Windows\SYSTEM32\dxcore.dll
0x00007ffe806b0000 - 0x00007ffe806c8000 	C:\Windows\SYSTEM32\kernel.appcore.dll
0x00007ffe82970000 - 0x00007ffe82a20000 	C:\Windows\System32\clbcatq.dll
0x00007ffdca080000 - 0x00007ffdcca19000 	C:\Windows\System32\DriverStore\FileRepository\nv_dispi.inf_amd64_1c83a5d7cffd7bff\nvoglv64.dll
0x00007ffe822a0000 - 0x00007ffe8243c000 	C:\Windows\System32\ole32.dll
0x00007ffe83280000 - 0x00007ffe83357000 	C:\Windows\System32\OLEAUT32.dll
0x00007ffe7e600000 - 0x00007ffe7e614000 	C:\Windows\SYSTEM32\WTSAPI32.dll
0x00007ffe784d0000 - 0x00007ffe78502000 	C:\Windows\SYSTEM32\cryptnet.dll
0x00007ffe806d0000 - 0x00007ffe80704000 	C:\Windows\SYSTEM32\ntmarta.dll
0x00007ffe80820000 - 0x00007ffe8086d000 	C:\Windows\SYSTEM32\powrprof.dll
0x00007ffe80800000 - 0x00007ffe80813000 	C:\Windows\SYSTEM32\UMPDC.dll
0x00007ffe80450000 - 0x00007ffe804b6000 	C:\Windows\SYSTEM32\WINSTA.dll
0x00007ffe14490000 - 0x00007ffe1450f000 	C:\Users\MaraKa\curseforge\minecraft\Install\bin\e506-565b-c34d-d612\lwjgl_stb.dll
0x00007ffe79510000 - 0x00007ffe795cc000 	C:\Windows\SYSTEM32\mscms.dll
0x00007ffe70430000 - 0x00007ffe70479000 	C:\Windows\SYSTEM32\icm32.dll
0x00007ffe71b60000 - 0x00007ffe71c8e000 	C:\Windows\SYSTEM32\textinputframework.dll
0x00007ffe728f0000 - 0x00007ffe72959000 	C:\Windows\system32\Oleacc.dll
0x00007ffdff670000 - 0x00007ffdff6c8000 	C:\Users\MaraKa\curseforge\minecraft\Install\bin\e506-565b-c34d-d612\lwjgl_opengl.dll
0x00007ffe14f80000 - 0x00007ffe14ffd000 	C:\Program Files (x86)\Overwolf\0.221.0.4\OWExplorer.dll
0x00007ffe79d70000 - 0x00007ffe7a0dc000 	C:\Windows\SYSTEM32\CoreUIComponents.dll
0x00007ffe82280000 - 0x00007ffe8229f000 	C:\Windows\System32\imagehlp.dll
0x00007ffe80c00000 - 0x00007ffe80c26000 	C:\Windows\SYSTEM32\gpapi.dll
0x00007ffe7e700000 - 0x00007ffe7e70d000 	C:\Windows\SYSTEM32\WINNSI.DLL
0x00007ffdc7520000 - 0x00007ffdc797a000 	C:\Program Files (x86)\Overwolf\0.221.0.4\OWClient.dll
0x00007ffe153a0000 - 0x00007ffe15467000 	C:\Program Files (x86)\Overwolf\0.221.0.4\OWUtils.dll
0x00007ffdff480000 - 0x00007ffdff4a8000 	C:\Users\MaraKa\AppData\Local\Overwolf\Extensions\ggfmakpbllghoepnmfelddbminamnbmfelbahfdp\222.4.2\plugins\GEPPlugin64.dll
0x00007ffdc7460000 - 0x00007ffdc7517000 	C:\Users\MaraKa\AppData\Local\Overwolf\Extensions\ggfmakpbllghoepnmfelddbminamnbmfelbahfdp\222.4.2\plugins\64\gep_minecraft.dll
0x00007ffdef5b0000 - 0x00007ffdef5ec000 	C:\Users\MaraKa\AppData\Local\Overwolf\Extensions\ggfmakpbllghoepnmfelddbminamnbmfelbahfdp\222.4.2\plugins\64\libowgameevents64.dll
0x00007ffdc3620000 - 0x00007ffdc3662000 	C:\Users\MaraKa\AppData\Local\Temp\jna--1997449319\jna4366969792388919579.dll
0x00007ffdc35d0000 - 0x00007ffdc3615000 	C:\Users\MaraKa\AppData\Local\Overwolf\Extensions\ncfplpkmiejjaklknfnkgcpapnhkggmlcppckhcb\207.0.4\obs\data\obs-plugins\win-capture\ow-graphics-hook64.dll
0x00007ffe7d0f0000 - 0x00007ffe7d347000 	C:\Windows\system32\d3d11.dll
0x00007ffe7e890000 - 0x00007ffe7e987000 	C:\Windows\SYSTEM32\dxgi.dll
0x00007ffe7a930000 - 0x00007ffe7a979000 	C:\Windows\SYSTEM32\directxdatabasehelper.dll
0x00007ffe76ce0000 - 0x00007ffe76de2000 	C:\Windows\System32\DriverStore\FileRepository\nv_dispi.inf_amd64_1c83a5d7cffd7bff\nvldumdx.dll
0x00007ffe48010000 - 0x00007ffe4aac8000 	C:\Windows\System32\DriverStore\FileRepository\nv_dispi.inf_amd64_1c83a5d7cffd7bff\nvwgf2umx.dll
0x00007ffe72960000 - 0x00007ffe73035000 	C:\Windows\SYSTEM32\nvapi64.dll
0x00007ffe7f0b0000 - 0x00007ffe7f2de000 	C:\Windows\SYSTEM32\dbghelp.dll

VM Arguments:
jvm_args: -XX:HeapDumpPath=MojangTricksIntelDriversForPerformance_javaw.exe_minecraft.exe.heapdump -Dos.name=Windows 10 -Dos.version=10.0 -Xss1M -Djava.library.path=C:\Users\MaraKa\curseforge\minecraft\Install\bin\e506-565b-c34d-d612 -Dminecraft.launcher.brand=minecraft-launcher -Dminecraft.launcher.version=2.2.12145 -Xmx8128m -Xms256m -Dminecraft.applet.TargetDirectory=C:\Users\MaraKa\curseforge\minecraft\Instances\Charleta_Craft_2 -Dfml.ignorePatchDiscrepancies=true -Dfml.ignoreInvalidMinecraftCertificates=true -Duser.language=en -Duser.country=US -Dlog4j.configurationFile=C:\Users\MaraKa\curseforge\minecraft\Install\assets\log_configs\client-1.12.xml 
java_command: cpw.mods.modlauncher.Launcher --username MaraKa1560 --version forge-36.2.39 --gameDir C:\Users\MaraKa\curseforge\minecraft\Instances\Charleta_Craft_2 --assetsDir C:\Users\MaraKa\curseforge\minecraft\Install\assets --assetIndex 1.16 --uuid ce0f1036a1044993afdb6ed1b6cbb270 --accessToken eyJraWQiOiJhYzg0YSIsImFsZyI6IkhTMjU2In0.eyJ4dWlkIjoiMjUzNTQ0OTI1NjY0NDA3MCIsImFnZyI6IkFkdWx0Iiwic3ViIjoiZDVlYzkyMWItNDA0ZS00MjQ0LWE2MGMtNDFjMzY0YmM0MzZkIiwiYXV0aCI6IlhCT1giLCJucyI6ImRlZmF1bHQiLCJyb2xlcyI6W10sImlzcyI6ImF1dGhlbnRpY2F0aW9uIiwicGxhdGZvcm0iOiJQQ19MQVVOQ0hFUiIsInl1aWQiOiIyZmMzNDA1NGJlYTk4NWVlZDg4ZDk4YTg4ZmQ5OWIzNiIsIm5iZiI6MTY3OTg1ODUxOSwiZXhwIjoxNjc5OTQ0OTE5LCJpYXQiOjE2Nzk4NTg1MTl9.XkOS8lpDEHDp_9THRAwSDrOf0_QkXso66DpqPvkeQHo --userType msa --versionType release --width 854 --height 480 --launchTarget fmlclient --fml.forgeVersion 36.2.39 --fml.mcVersion 1.16.5 --fml.forgeGroup net.minecraftforge --fml.mcpVersion 20210115.111550
java_class_path (initial): C:\Users\MaraKa\curseforge\minecraft\Install\libraries\net\minecraftforge\forge\1.16.5-36.2.39\forge-1.16.5-36.2.39.jar;C:\Users\MaraKa\curseforge\minecraft\Install\libraries\org\ow2\asm\asm\9.1\asm-9.1.jar;C:\Users\MaraKa\curseforge\minecraft\Install\libraries\org\ow2\asm\asm-commons\9.1\asm-commons-9.1.jar;C:\Users\MaraKa\curseforge\minecraft\Install\libraries\org\ow2\asm\asm-tree\9.1\asm-tree-9.1.jar;C:\Users\MaraKa\curseforge\minecraft\Install\libraries\org\ow2\asm\asm-util\9.1\asm-util-9.1.jar;C:\Users\MaraKa\curseforge\minecraft\Install\libraries\org\ow2\asm\asm-analysis\9.1\asm-analysis-9.1.jar;C:\Users\MaraKa\curseforge\minecraft\Install\libraries\cpw\mods\modlauncher\8.1.3\modlauncher-8.1.3.jar;C:\Users\MaraKa\curseforge\minecraft\Install\libraries\cpw\mods\grossjava9hacks\1.3.3\grossjava9hacks-1.3.3.jar;C:\Users\MaraKa\curseforge\minecraft\Install\libraries\net\minecraftforge\accesstransformers\3.0.1\accesstransformers-3.0.1.jar;C:\Users\MaraKa\curseforge\minecraft\Install\libraries\org\antlr\antlr4-runtime\4.9.1\antlr4-runtime-4.9.1.jar;C:\Users\MaraKa\curseforge\minecraft\Install\libraries\net\minecraftforge\eventbus\4.0.0\eventbus-4.0.0.jar;C:\Users\MaraKa\curseforge\minecraft\Install\libraries\net\minecraftforge\forgespi\3.2.0\forgespi-3.2.0.jar;C:\Users\MaraKa\curseforge\minecraft\Install\libraries\net\minecraftforge\coremods\4.0.6\coremods-4.0.6.jar;C:\Users\MaraKa\curseforge\minecraft\Install\libraries\net\minecraftforge\unsafe\0.2.0\unsafe-0.2.0.jar;C:\Users\MaraKa\curseforge\minecraft\Install\libraries\com\electronwill\night-config\core\3.6.3\core-3.6.3.jar;C:\Users\MaraKa\curseforge\minecraft\Install\libraries\com\electronwill\night-config\toml\3.6.3\toml-3.6.3.jar;C:\Users\MaraKa\curseforge\minecraft\Install\libraries\org\jline\jline\3.12.1\jline-3.12.1.jar;C:\Users\MaraKa\curseforge\minecraft\Install\libraries\org\apache\maven\maven-artifact\3.6.3\maven-artifact-3.6.3.jar;C:\Users\MaraKa\curseforge\minecraft\Install
Launcher Type: SUN_STANDARD

Environment Variables:
PATH=C:\Program Files\Eclipse Adoptium\jdk-17.0.6.10-hotspot\bin;C:\Program Files (x86)\Common Files\Oracle\Java\javapath;C:\Windows\system32;C:\Windows;C:\Windows\System32\Wbem;C:\Windows\System32\WindowsPowerShell\v1.0\;C:\Windows\System32\OpenSSH\;C:\Program Files\Microsoft SQL Server\150\Tools\Binn\;C:\Program Files\Microsoft SQL Server\Client SDK\ODBC\170\Tools\Binn\;C:\Program Files\dotnet\;C:\Program Files\Git\cmd;C:\Program Files (x86)\Bitvise SSH Client;C:\Users\MaraKa\AppData\Local\Microsoft\WindowsApps;;C:\Users\MaraKa\AppData\Local\spicetify;C:\Users\MaraKa\AppData\Local\Programs\Microsoft VS Code\bin
USERNAME=MaraKa
OS=Windows_NT
PROCESSOR_IDENTIFIER=AMD64 Family 25 Model 80 Stepping 0, AuthenticAMD



---------------  S Y S T E M  ---------------

OS: Windows 10.0 , 64 bit Build 22621 (10.0.22621.1344)

CPU:total 12 (12 cores per cpu, 1 threads per core) family 25 model 80 stepping 0, cmov, cx8, fxsr, mmx, sse, sse2, sse3, ssse3, sse4.1, sse4.2, popcnt, avx, avx2, aes, clmul, erms, mmxext, 3dnowpref, lzcnt, sse4a, tsc, tscinvbit, tscinv, bmi1

Memory: 4k page, physical 33444132k(16660892k free), swap 38424868k(11017888k free)

vm_info: Java HotSpot(TM) 64-Bit Server VM (25.51-b03) for windows-amd64 JRE (1.8.0_51-b16), built on Jun  8 2015 18:03:07 by "java_re" with MS VC++ 10.0 (VS2010)

time: Sun Mar 26 21:24:27 2023
elapsed time: 24 seconds (0d 0h 0m 24s)

